2017-11-24 23:48:15,790 - access - INFO - 创建学校北京失败
2017-11-24 23:50:39,674 - access - INFO - 创建学校北京失败
2017-11-24 23:57:54,400 - access - INFO - 创建学校北京成功
2017-11-25 00:37:22,073 - access - INFO - 注册失败：该用户已被注册
2017-11-25 00:37:22,074 - access - INFO - 登陆或注册失败
2017-11-25 00:37:47,621 - access - INFO - 注册失败：该用户已被注册
2017-11-25 00:37:47,622 - access - INFO - 登陆或注册失败
2017-11-25 00:38:44,541 - access - INFO - 注册成功
2017-11-25 00:38:44,542 - access - INFO - 操作成功，您可以进行下一步操作
2017-11-25 00:39:05,775 - access - INFO - 登陆成功
2017-11-25 00:39:05,775 - access - INFO - 操作成功，您可以进行下一步操作
2017-11-25 00:43:09,225 - access - INFO - 登陆成功
2017-11-25 00:43:09,225 - access - INFO - 操作成功，您可以进行下一步操作
2017-11-25 00:43:28,191 - access - INFO - teacher01查询所所授课班级成功
查询到的信息是：

2017-11-25 00:43:28,191 - access - INFO - ------------------teacher01所教授的班级如下：-------------------

2017-11-25 00:43:28,191 - access - INFO - 操作成功
2017-11-25 00:43:47,717 - access - INFO - teacher01查询所所授课学生成功
查询到的信息是：

2017-11-25 00:43:47,717 - access - INFO - ------------------teacher01所教授的学生如下：-------------------

2017-11-25 00:43:47,717 - access - INFO - 操作成功
2017-11-25 00:50:01,720 - access - INFO - 操作成功
2017-11-25 00:53:09,930 - access - INFO - 注册成功
2017-11-25 00:53:09,930 - access - INFO - 操作成功，您可以进行下一步操作
2017-11-25 01:07:43,076 - access - INFO - 招聘成功：teacher01成为北京分校教师
2017-11-25 01:08:40,297 - access - INFO - 招聘成功：teacher01成为北京分校教师
2017-11-25 01:26:07,253 - access - INFO - 创建学校北京成功
2017-11-25 01:27:30,281 - access - INFO - 注册成功
2017-11-25 01:27:30,282 - access - INFO - 操作成功，您可以进行下一步操作
2017-11-25 01:28:00,046 - access - INFO - 注册成功
2017-11-25 01:28:00,047 - access - INFO - 操作成功，您可以进行下一步操作
2017-11-25 01:35:36,773 - access - INFO - 招聘失败：教师：teacher01已被北京分校招聘，不能重复招聘
2017-11-25 01:36:03,913 - access - INFO - 招聘失败：教师：teacher01已被北京分校招聘，不能重复招聘
2017-11-25 01:41:47,433 - access - INFO - 创建学校北京成功
2017-11-25 01:42:20,884 - access - INFO - 注册成功
2017-11-25 01:42:20,885 - access - INFO - 操作成功，您可以进行下一步操作
2017-11-25 01:42:36,546 - access - INFO - 招聘失败：教师：teacher01已被北京分校招聘，不能重复招聘
2017-11-25 01:45:38,139 - access - INFO - 创建学校北京成功
2017-11-25 01:46:02,851 - access - INFO - 注册成功
2017-11-25 01:46:02,852 - access - INFO - 操作成功，您可以进行下一步操作
2017-11-25 01:46:25,211 - access - INFO - 招聘失败：教师：teacher01已被北京分校招聘，不能重复招聘
2017-11-25 01:47:02,860 - access - INFO - 创建学校北京成功
2017-11-25 01:47:34,388 - access - INFO - 注册成功
2017-11-25 01:47:34,388 - access - INFO - 操作成功，您可以进行下一步操作
2017-11-25 01:47:50,405 - access - INFO - 招聘失败：教师：teacher01已被北京分校招聘，不能重复招聘
2017-11-25 01:49:25,339 - access - INFO - 招聘成功：teacher01成为北京分校教师
2017-11-25 01:49:33,379 - access - INFO - 招聘失败：教师：teacher01已被北京分校招聘，不能重复招聘
2017-11-25 01:58:14,447 - access - INFO - 北京分校教师团队没有教师掌握技能python，无法开设课程：python
2017-11-25 01:58:27,149 - access - INFO - 北京分校教师团队没有教师掌握技能go，无法开设课程：go
2017-11-25 01:58:48,756 - access - INFO - 北京分校教师团队没有教师掌握技能linux，无法开设课程：linux
2017-11-25 02:05:24,775 - access - INFO - 创建学校北京成功
2017-11-25 02:08:46,708 - access - INFO - 注册成功
2017-11-25 02:08:46,708 - access - INFO - 操作成功，您可以进行下一步操作
2017-11-25 02:09:19,071 - access - INFO - 招聘成功：teacher01成为北京分校教师
2017-11-25 02:11:59,073 - access - INFO - 北京分校教师团队没有教师掌握技能python，无法开设课程：python
2017-11-25 02:13:19,309 - access - INFO - 创建学校北京成功
2017-11-25 02:14:25,706 - access - INFO - 注册成功
2017-11-25 02:14:25,706 - access - INFO - 操作成功，您可以进行下一步操作
2017-11-25 02:16:17,703 - access - INFO - 招聘成功：teacher01成为北京分校教师
2017-11-25 02:17:11,006 - access - INFO - 北京分校开设课程python成功
2017-11-25 02:19:08,213 - access - INFO - 开设新班级成功：现在班级数为1
2017-11-25 02:19:55,608 - access - INFO - 登陆成功
2017-11-25 02:19:55,608 - access - INFO - 操作成功，您可以进行下一步操作
2017-11-25 02:21:33,262 - access - INFO - 操作成功
2017-11-25 02:21:56,156 - access - INFO - 登陆成功
2017-11-25 02:21:56,156 - access - INFO - 操作成功，您可以进行下一步操作
2017-11-25 02:23:30,935 - access - INFO - 登陆成功
2017-11-25 02:23:30,935 - access - INFO - 操作成功，您可以进行下一步操作
2017-11-25 02:24:09,878 - access - INFO - 学生student01报名课程python成功
2017-11-25 02:24:09,878 - access - INFO - 操作成功
2017-11-25 02:24:49,118 - access - INFO - 操作成功
2017-11-25 02:25:20,794 - access - INFO - 登陆成功
2017-11-25 02:25:20,794 - access - INFO - 操作成功，您可以进行下一步操作
2017-11-25 02:25:36,921 - access - INFO - 操作成功
2017-11-25 02:25:50,423 - access - INFO - student01查询所报班级信息成功
查询到的信息是：

2017-11-25 02:25:50,423 - access - INFO - 查询失败：该生未报名课程
2017-11-25 02:25:50,423 - access - INFO - 操作成功
